-------------------------------------------------------------------------------
Test set: org.example.LoginCourierTest
-------------------------------------------------------------------------------
Tests run: 3, Failures: 1, Errors: 0, Skipped: 0, Time elapsed: 1.143 s <<< FAILURE! - in org.example.LoginCourierTest
checkUnmatchedCredentialsCourierLoginTest(org.example.LoginCourierTest)  Time elapsed: 0.525 s  <<< FAILURE!
java.lang.AssertionError: 
1 expectation failed.
Expected status code <200> but was <500>.

	at org.example.LoginCourierTest.checkUnmatchedCredentialsCourierLoginTest(LoginCourierTest.java:74)

