<?xml version="1.0" encoding="UTF-8"?>
<testsuite xmlns:xsi="http://www.w3.org/2001/XMLSchema-instance" xsi:noNamespaceSchemaLocation="https://maven.apache.org/surefire/maven-surefire-plugin/xsd/surefire-test-report.xsd" name="org.example.ParametrizedCourierLoginNegativeTests" time="60.553" tests="2" errors="1" skipped="0" failures="0">
  <properties>
[...]
</properties>
  <testcase name="incorrectCourierLoginTest[0]" classname="org.example.ParametrizedCourierLoginNegativeTests" time="60.285">
    <error message="Expected response body to be verified as JSON, HTML or XML but no content-type was defined in the response.&#10;Try registering a default parser using:&#10;   RestAssured.defaultParser(&lt;parser type&gt;);&#10;Content was:&#10;Service unavailable&#10;" type="java.lang.IllegalStateException"><![CDATA[java.lang.IllegalStateException: 
Expected response body to be verified as JSON, HTML or XML but no content-type was defined in the response.
Try registering a default parser using:
   RestAssured.defaultParser(<parser type>);
Content was:
Service unavailable

	at org.example.ParametrizedCourierLoginNegativeTests.incorrectCourierLoginTest(ParametrizedCourierLoginNegativeTests.java:53)
]]></error>
  </testcase>
  <testcase name="incorrectCourierLoginTest[1]" classname="org.example.ParametrizedCourierLoginNegativeTests" time="0.267"/>
</testsuite>